<?xml version="1.0" encoding="UTF-8"?>
<!-- Generated by org.testng.reporters.JUnitXMLReporter -->
<testsuite ignored="0" hostname="MacBook-Pro.local" failures="0" tests="3" name="Cost Of Product Test" time="103.726" errors="0" timestamp="2021-04-30T16:47:23 IST">
  <testcase classname="com.qa.guru99.testcases.CostOfProductTest" name="sonyXperiaPriceTest" time="0.043"/>
  <testcase classname="com.qa.guru99.testcases.CostOfProductTest" name="xpreriaDetailsPagePriceTest" time="2.244"/>
  <testcase classname="com.qa.guru99.testcases.CostOfProductTest" name="compareTheXperiaPriceTest" time="0.002"/>
</testsuite> <!-- Cost Of Product Test -->
