<?xml version="1.0" encoding="UTF-8"?>
<!-- Generated by org.testng.reporters.JUnitXMLReporter -->
<testsuite ignored="0" hostname="MacBook-Pro.local" failures="0" tests="2" name="Error Verification Test" time="76.487" errors="0" timestamp="2021-04-30T16:48:39 IST">
  <testcase classname="com.qa.guru99.testcases.ErrorVrificatonTest" name="addtoCartTest" time="4.886"/>
  <testcase classname="com.qa.guru99.testcases.ErrorVrificatonTest" name="verifyProdSortedByName" time="1.001"/>
</testsuite> <!-- Error Verification Test -->
