<?xml version="1.0" encoding="UTF-8"?>
<!-- Generated by org.testng.reporters.JUnitXMLReporter -->
<testsuite ignored="0" hostname="MacBook-Pro.local" failures="0" tests="5" name="Mobile list Test" time="159.244" errors="0" timestamp="2021-04-30T16:45:39 IST">
  <testcase classname="com.qa.guru99.testcases.MobileListPageTest" name="verifyHomePageTitleTest" time="0.025"/>
  <testcase classname="com.qa.guru99.testcases.MobileListPageTest" name="clickOnMobileLinkTest" time="2.764"/>
  <testcase classname="com.qa.guru99.testcases.MobileListPageTest" name="verifyMobilePageTitleTest" time="1.823"/>
  <testcase classname="com.qa.guru99.testcases.MobileListPageTest" name="sortByDropdownTest" time="3.284"/>
  <testcase classname="com.qa.guru99.testcases.MobileListPageTest" name="verifyProductsSortTest" time="3.433"/>
</testsuite> <!-- Mobile list Test -->
