<?xml version="1.0" encoding="UTF-8"?>
<!-- Generated by org.testng.reporters.JUnitXMLReporter -->
<testsuite ignored="0" hostname="MacBook-Pro.local" failures="0" tests="3" name="Cost Of Product Test" time="148.365" errors="0" timestamp="2021-04-30T18:26:37 IST">
  <testcase classname="com.qa.guru99.testcases.CostOfProductTest" name="sonyXperiaPriceTest" time="0.046"/>
  <testcase classname="com.qa.guru99.testcases.CostOfProductTest" name="xpreriaDetailsPagePriceTest" time="15.974"/>
  <testcase classname="com.qa.guru99.testcases.CostOfProductTest" name="compareTheXperiaPriceTest" time="0.0"/>
</testsuite> <!-- Cost Of Product Test -->
