<?xml version="1.0" encoding="UTF-8"?>
<!-- Generated by org.testng.reporters.JUnitXMLReporter -->
<testsuite ignored="0" hostname="MacBook-Pro.local" failures="0" tests="5" name="Mobile list Test" time="195.423" errors="0" timestamp="2021-04-30T18:24:09 IST">
  <testcase classname="com.qa.guru99.testcases.MobileListPageTest" name="verifyHomePageTitleTest" time="0.028"/>
  <testcase classname="com.qa.guru99.testcases.MobileListPageTest" name="clickOnMobileLinkTest" time="2.683"/>
  <testcase classname="com.qa.guru99.testcases.MobileListPageTest" name="verifyMobilePageTitleTest" time="2.634"/>
  <testcase classname="com.qa.guru99.testcases.MobileListPageTest" name="sortByDropdownTest" time="18.536"/>
  <testcase classname="com.qa.guru99.testcases.MobileListPageTest" name="verifyProductsSortTest" time="4.952"/>
</testsuite> <!-- Mobile list Test -->
