<?xml version="1.0" encoding="UTF-8"?>
<testsuite name="TestSuite" time="65.443" tests="10" errors="0" skipped="0" failures="0">
  <properties>
[...]
</properties>
  <testcase name="verifyHomePageTitleTest" classname="com.qa.guru99.testcases.MobileListPageTest" time="0.028"/>
  <testcase name="clickOnMobileLinkTest" classname="com.qa.guru99.testcases.MobileListPageTest" time="2.683"/>
  <testcase name="verifyMobilePageTitleTest" classname="com.qa.guru99.testcases.MobileListPageTest" time="2.632"/>
  <testcase name="sortByDropdownTest" classname="com.qa.guru99.testcases.MobileListPageTest" time="18.533"/>
  <testcase name="verifyProductsSortTest" classname="com.qa.guru99.testcases.MobileListPageTest" time="4.952"/>
  <testcase name="sonyXperiaPriceTest" classname="com.qa.guru99.testcases.CostOfProductTest" time="0.045"/>
  <testcase name="xpreriaDetailsPagePriceTest" classname="com.qa.guru99.testcases.CostOfProductTest" time="15.974"/>
  <testcase name="compareTheXperiaPriceTest" classname="com.qa.guru99.testcases.CostOfProductTest" time="0.001"/>
  <testcase name="addtoCartTest" classname="com.qa.guru99.testcases.ErrorVrificatonTest" time="15.418"/>
  <testcase name="xperiaAddToCompareTest" classname="com.qa.guru99.testcases.PopUpWindowTest" time="5.177"/>
</testsuite>