<?xml version="1.0" encoding="UTF-8"?>
<testng-results ignored="0" total="1" passed="1" failed="0" skipped="0">
  <reporter-output>
  </reporter-output>
  <suite started-at="2021-04-30T18:10:10 IST" name="Default suite" finished-at="2021-04-30T18:10:51 IST" duration-ms="41399">
    <groups>
    </groups>
    <test started-at="2021-04-30T18:10:10 IST" name="Default test" finished-at="2021-04-30T18:10:51 IST" duration-ms="41399">
      <class name="com.qa.guru99.testcases.HandlingPopUpWindowTest">
        <test-method is-config="true" signature="setUp()[pri:0, instance:com.qa.guru99.testcases.HandlingPopUpWindowTest@62f4ff3b]" started-at="2021-04-30T18:10:10 IST" name="setUp" finished-at="2021-04-30T18:10:46 IST" duration-ms="36325" status="PASS">
          <reporter-output>
          </reporter-output>
        </test-method> <!-- setUp -->
        <test-method signature="xperiaAddToCompareTest()[pri:0, instance:com.qa.guru99.testcases.HandlingPopUpWindowTest@62f4ff3b]" started-at="2021-04-30T18:10:46 IST" name="xperiaAddToCompareTest" finished-at="2021-04-30T18:10:51 IST" duration-ms="5001" status="PASS">
          <reporter-output>
          </reporter-output>
        </test-method> <!-- xperiaAddToCompareTest -->
      </class> <!-- com.qa.guru99.testcases.HandlingPopUpWindowTest -->
    </test> <!-- Default test -->
  </suite> <!-- Default suite -->
</testng-results>
